<?xml version="1.0" encoding="UTF-8" standalone="yes"?>
<ns2:test-suite start="1572741276696" stop="1572741276821" version="1.5.4" xmlns:ns2="urn:model.allure.qatools.yandex.ru">
    <name>main-suite : GroupingTest-LoginPage</name>
    <title>main-suite : GroupingTest-LoginPage</title>
    <test-cases>
        <test-case start="1572741276698" stop="1572741276708" status="failed">
            <name>validateForgetPassowrdField</name>
            <description></description>
            <failure>
                <message>AssertionError: expected [2] but found [1]</message>
                <stack-trace>java.lang.AssertionError: expected [2] but found [1]
	at org.testng.Assert.fail(Assert.java:97)
	at org.testng.Assert.assertEqualsImpl(Assert.java:136)
	at org.testng.Assert.assertEquals(Assert.java:118)
	at org.testng.Assert.assertEquals(Assert.java:839)
	at org.testng.Assert.assertEquals(Assert.java:849)
	at firsttestngpackage.LoginPageTest.validateForgetPassowrdField(LoginPageTest.java:34)
	at sun.reflect.NativeMethodAccessorImpl.invoke0(Native Method)
	at sun.reflect.NativeMethodAccessorImpl.invoke(NativeMethodAccessorImpl.java:62)
	at sun.reflect.DelegatingMethodAccessorImpl.invoke(DelegatingMethodAccessorImpl.java:43)
	at java.lang.reflect.Method.invoke(Method.java:497)
	at org.testng.internal.MethodInvocationHelper.invokeMethod(MethodInvocationHelper.java:133)
	at org.testng.internal.TestInvoker.invokeMethod(TestInvoker.java:584)
	at org.testng.internal.TestInvoker.invokeTestMethod(TestInvoker.java:172)
	at org.testng.internal.MethodRunner.runInSequence(MethodRunner.java:46)
	at org.testng.internal.TestInvoker$MethodInvocationAgent.invoke(TestInvoker.java:804)
	at org.testng.internal.TestInvoker.invokeTestMethods(TestInvoker.java:145)
	at org.testng.internal.TestMethodWorker.invokeTestMethods(TestMethodWorker.java:146)
	at org.testng.internal.TestMethodWorker.run(TestMethodWorker.java:128)
	at java.util.ArrayList.forEach(ArrayList.java:1249)
	at org.testng.TestRunner.privateRun(TestRunner.java:770)
	at org.testng.TestRunner.run(TestRunner.java:591)
	at org.testng.SuiteRunner.runTest(SuiteRunner.java:402)
	at org.testng.SuiteRunner.runSequentially(SuiteRunner.java:396)
	at org.testng.SuiteRunner.privateRun(SuiteRunner.java:355)
	at org.testng.SuiteRunner.run(SuiteRunner.java:304)
	at org.testng.SuiteRunnerWorker.runSuite(SuiteRunnerWorker.java:53)
	at org.testng.SuiteRunnerWorker.run(SuiteRunnerWorker.java:96)
	at org.testng.TestNG.runSuitesSequentially(TestNG.java:1180)
	at org.testng.TestNG.runSuitesLocally(TestNG.java:1102)
	at org.testng.TestNG.runSuites(TestNG.java:1032)
	at org.testng.TestNG.run(TestNG.java:1000)
	at org.apache.maven.surefire.testng.TestNGExecutor.run(TestNGExecutor.java:283)
	at org.apache.maven.surefire.testng.TestNGXmlTestSuite.execute(TestNGXmlTestSuite.java:75)
	at org.apache.maven.surefire.testng.TestNGProvider.invoke(TestNGProvider.java:120)
	at org.apache.maven.surefire.booter.ForkedBooter.invokeProviderInSameClassLoader(ForkedBooter.java:384)
	at org.apache.maven.surefire.booter.ForkedBooter.runSuitesInProcess(ForkedBooter.java:345)
	at org.apache.maven.surefire.booter.ForkedBooter.execute(ForkedBooter.java:126)
	at org.apache.maven.surefire.booter.ForkedBooter.main(ForkedBooter.java:418)
</stack-trace>
            </failure>
            <steps/>
            <attachments/>
            <labels>
                <label name="testSuite" value="main-suite"/>
                <label name="testGroup" value="GroupingTest-LoginPage"/>
                <label name="testClass" value="firsttestngpackage.LoginPageTest"/>
                <label name="testMethod" value="validateForgetPassowrdField"/>
                <label name="host" value="Poonams-MacBook-Air.local"/>
                <label name="thread" value="28429@Poonams-MacBook-Air.local.main(1)"/>
            </labels>
        </test-case>
        <test-case start="1572741276742" stop="1572741276747" status="passed">
            <name>validateRememberPasswordChrckboxField</name>
            <description></description>
            <steps/>
            <attachments/>
            <labels>
                <label name="testSuite" value="main-suite"/>
                <label name="testGroup" value="GroupingTest-LoginPage"/>
                <label name="testClass" value="firsttestngpackage.LoginPageTest"/>
                <label name="testMethod" value="validateRememberPasswordChrckboxField"/>
                <label name="host" value="Poonams-MacBook-Air.local"/>
                <label name="thread" value="28429@Poonams-MacBook-Air.local.main(1)"/>
            </labels>
        </test-case>
    </test-cases>
    <labels>
        <label name="framework" value="TestNG"/>
        <label name="language" value="JAVA"/>
    </labels>
</ns2:test-suite>
