<?xml version="1.0" encoding="UTF-8"?>
<testng-results skipped="0" failed="1" ignored="11" total="14" passed="2">
  <reporter-output>
  </reporter-output>
  <suite name="main-suite" duration-ms="194" started-at="2019-11-03T16:36:49 EST" finished-at="2019-11-03T16:36:49 EST">
    <groups>
      <group name="smoke">
        <method signature="PreloginPageTest.preloginPageTest()[pri:0, instance:firsttestngpackage.PreloginPageTest@79be0360]" name="preloginPageTest" class="firsttestngpackage.PreloginPageTest"/>
        <method signature="LoginPageTest.validateForgetPassowrdField()[pri:0, instance:firsttestngpackage.LoginPageTest@6895a785]" name="validateForgetPassowrdField" class="firsttestngpackage.LoginPageTest"/>
        <method signature="LoginPageTest.validateRememberPasswordChrckboxField()[pri:0, instance:firsttestngpackage.LoginPageTest@6895a785]" name="validateRememberPasswordChrckboxField" class="firsttestngpackage.LoginPageTest"/>
      </group> <!-- smoke -->
    </groups>
    <test name="GroupingTest-PreloginPage" duration-ms="82" started-at="2019-11-03T16:36:49 EST" finished-at="2019-11-03T16:36:49 EST">
      <class name="firsttestngpackage.PreloginPageTest">
        <test-method status="PASS" signature="preloginPageTest()[pri:0, instance:firsttestngpackage.PreloginPageTest@79be0360]" name="preloginPageTest" duration-ms="14" started-at="2019-11-03T16:36:49 EST" finished-at="2019-11-03T16:36:49 EST">
          <reporter-output>
          </reporter-output>
        </test-method> <!-- preloginPageTest -->
      </class> <!-- firsttestngpackage.PreloginPageTest -->
    </test> <!-- GroupingTest-PreloginPage -->
    <test name="GroupingTest-LoginPage" duration-ms="30" started-at="2019-11-03T16:36:49 EST" finished-at="2019-11-03T16:36:49 EST">
      <class name="firsttestngpackage.LoginPageTest">
        <test-method status="FAIL" signature="validateForgetPassowrdField()[pri:0, instance:firsttestngpackage.LoginPageTest@6895a785]" name="validateForgetPassowrdField" duration-ms="6" started-at="2019-11-03T16:36:49 EST" finished-at="2019-11-03T16:36:49 EST">
          <exception class="java.lang.AssertionError">
            <message>
              <![CDATA[expected [2] but found [1]]]>
            </message>
            <full-stacktrace>
              <![CDATA[java.lang.AssertionError: expected [2] but found [1]
at org.testng.Assert.fail(Assert.java:97)
at org.testng.Assert.assertEqualsImpl(Assert.java:136)
at org.testng.Assert.assertEquals(Assert.java:118)
at org.testng.Assert.assertEquals(Assert.java:839)
at org.testng.Assert.assertEquals(Assert.java:849)
at firsttestngpackage.LoginPageTest.validateForgetPassowrdField(LoginPageTest.java:34)
at sun.reflect.NativeMethodAccessorImpl.invoke0(Native Method)
at sun.reflect.NativeMethodAccessorImpl.invoke(NativeMethodAccessorImpl.java:62)
at sun.reflect.DelegatingMethodAccessorImpl.invoke(DelegatingMethodAccessorImpl.java:43)
at java.lang.reflect.Method.invoke(Method.java:497)
at org.testng.internal.MethodInvocationHelper.invokeMethod(MethodInvocationHelper.java:133)
at org.testng.internal.TestInvoker.invokeMethod(TestInvoker.java:584)
at org.testng.internal.TestInvoker.invokeTestMethod(TestInvoker.java:172)
at org.testng.internal.MethodRunner.runInSequence(MethodRunner.java:46)
at org.testng.internal.TestInvoker$MethodInvocationAgent.invoke(TestInvoker.java:804)
at org.testng.internal.TestInvoker.invokeTestMethods(TestInvoker.java:145)
at org.testng.internal.TestMethodWorker.invokeTestMethods(TestMethodWorker.java:146)
at org.testng.internal.TestMethodWorker.run(TestMethodWorker.java:128)
at java.util.ArrayList.forEach(ArrayList.java:1249)
at org.testng.TestRunner.privateRun(TestRunner.java:770)
at org.testng.TestRunner.run(TestRunner.java:591)
at org.testng.SuiteRunner.runTest(SuiteRunner.java:402)
at org.testng.SuiteRunner.runSequentially(SuiteRunner.java:396)
at org.testng.SuiteRunner.privateRun(SuiteRunner.java:355)
at org.testng.SuiteRunner.run(SuiteRunner.java:304)
at org.testng.SuiteRunnerWorker.runSuite(SuiteRunnerWorker.java:53)
at org.testng.SuiteRunnerWorker.run(SuiteRunnerWorker.java:96)
at org.testng.TestNG.runSuitesSequentially(TestNG.java:1180)
at org.testng.TestNG.runSuitesLocally(TestNG.java:1102)
at org.testng.TestNG.runSuites(TestNG.java:1032)
at org.testng.TestNG.run(TestNG.java:1000)
at org.apache.maven.surefire.testng.TestNGExecutor.run(TestNGExecutor.java:283)
at org.apache.maven.surefire.testng.TestNGXmlTestSuite.execute(TestNGXmlTestSuite.java:75)
at org.apache.maven.surefire.testng.TestNGProvider.invoke(TestNGProvider.java:120)
at org.apache.maven.surefire.booter.ForkedBooter.invokeProviderInSameClassLoader(ForkedBooter.java:384)
at org.apache.maven.surefire.booter.ForkedBooter.runSuitesInProcess(ForkedBooter.java:345)
at org.apache.maven.surefire.booter.ForkedBooter.execute(ForkedBooter.java:126)
at org.apache.maven.surefire.booter.ForkedBooter.main(ForkedBooter.java:418)
]]>
            </full-stacktrace>
          </exception> <!-- java.lang.AssertionError -->
          <reporter-output>
          </reporter-output>
        </test-method> <!-- validateForgetPassowrdField -->
        <test-method status="PASS" signature="validateRememberPasswordChrckboxField()[pri:0, instance:firsttestngpackage.LoginPageTest@6895a785]" name="validateRememberPasswordChrckboxField" duration-ms="1" started-at="2019-11-03T16:36:49 EST" finished-at="2019-11-03T16:36:49 EST">
          <reporter-output>
          </reporter-output>
        </test-method> <!-- validateRememberPasswordChrckboxField -->
      </class> <!-- firsttestngpackage.LoginPageTest -->
    </test> <!-- GroupingTest-LoginPage -->
    <test name="pTest" duration-ms="1" started-at="2019-11-03T16:36:49 EST" finished-at="2019-11-03T16:36:49 EST">
    </test> <!-- pTest -->
  </suite> <!-- main-suite -->
  <suite name="suite2" duration-ms="51" started-at="2019-11-03T16:36:48 EST" finished-at="2019-11-03T16:36:48 EST">
    <groups>
    </groups>
    <test name="suite2Test1" duration-ms="51" started-at="2019-11-03T16:36:48 EST" finished-at="2019-11-03T16:36:48 EST">
    </test> <!-- suite2Test1 -->
  </suite> <!-- suite2 -->
</testng-results>
