-------------------------------------------------------------------------------
Test set: TestSuite
-------------------------------------------------------------------------------
Tests run: 3, Failures: 1, Errors: 0, Skipped: 0, Time elapsed: 3.871 s <<< FAILURE! - in TestSuite
validateForgetPassowrdField(firsttestngpackage.LoginPageTest)  Time elapsed: 0.025 s  <<< FAILURE!
java.lang.AssertionError: expected [2] but found [1]
	at firsttestngpackage.LoginPageTest.validateForgetPassowrdField(LoginPageTest.java:34)

